CRITICAL - 2022-10-03 13:00:43 --> Config\Security::$csrfProtection is set to 'cookie'. Same-site attackers may bypass the CSRF protection. Please set it to 'session'.
in VENDORPATH\codeigniter4\shield\src\Authentication\Authenticators\Session.php on line 96.
 1 VENDORPATH\codeigniter4\shield\src\Authentication\Authenticators\Session.php(84): CodeIgniter\Shield\Authentication\Authenticators\Session->checkSecurityConfig()
 2 VENDORPATH\codeigniter4\shield\src\Authentication\Authentication.php(58): CodeIgniter\Shield\Authentication\Authenticators\Session->__construct(Object(CodeIgniter\Shield\Models\UserModel))
 3 VENDORPATH\codeigniter4\shield\src\Auth.php(63): CodeIgniter\Shield\Authentication\Authentication->factory('session')
 4 VENDORPATH\codeigniter4\shield\src\Collectors\Auth.php(59): CodeIgniter\Shield\Auth->getAuthenticator()
 5 SYSTEMPATH\Debug\Toolbar\Collectors\BaseCollector.php(221): CodeIgniter\Shield\Collectors\Auth->getTitleDetails()
 6 SYSTEMPATH\Debug\Toolbar.php(93): CodeIgniter\Debug\Toolbar\Collectors\BaseCollector->getAsArray()
 7 SYSTEMPATH\Debug\Toolbar.php(376): CodeIgniter\Debug\Toolbar->run(1664820043.435119, 0.0451, Object(CodeIgniter\HTTP\IncomingRequest), Object(CodeIgniter\HTTP\Response))
 8 SYSTEMPATH\Filters\DebugToolbar.php(40): CodeIgniter\Debug\Toolbar->prepare(Object(CodeIgniter\HTTP\IncomingRequest), Object(CodeIgniter\HTTP\Response))
 9 SYSTEMPATH\Filters\Filters.php(196): CodeIgniter\Filters\DebugToolbar->after(Object(CodeIgniter\HTTP\IncomingRequest), Object(CodeIgniter\HTTP\Response), null)
10 SYSTEMPATH\CodeIgniter.php(477): CodeIgniter\Filters\Filters->run('F:\\', 'after')
11 SYSTEMPATH\CodeIgniter.php(340): CodeIgniter\CodeIgniter->handleRequest(null, Object(Config\Cache), false)
12 FCPATH\index.php(55): CodeIgniter\CodeIgniter->run()
13 SYSTEMPATH\Commands\Server\rewrite.php(43): require_once('FCPATH\\index.php')
ERROR - 2022-10-03 13:02:35 --> Error connecting to the database: mysqli_sql_exception: Access denied for user 'useradmin'@'localhost' (using password: YES) in F:\projects\supportickets\vendor\codeigniter4\framework\system\Database\MySQLi\Connection.php:171
Stack trace:
#0 F:\projects\supportickets\vendor\codeigniter4\framework\system\Database\MySQLi\Connection.php(171): mysqli->real_connect('localhost', 'useradmin', '1234', 'supportickets', 3306, '', 0)
#1 F:\projects\supportickets\vendor\codeigniter4\framework\system\Database\BaseConnection.php(382): CodeIgniter\Database\MySQLi\Connection->connect(false)
#2 F:\projects\supportickets\vendor\codeigniter4\framework\system\Database\BaseConnection.php(588): CodeIgniter\Database\BaseConnection->initialize()
#3 F:\projects\supportickets\vendor\codeigniter4\framework\system\Database\BaseBuilder.php(1585): CodeIgniter\Database\BaseConnection->query('SELECT *\nFROM `...', Array, false)
#4 F:\projects\supportickets\vendor\codeigniter4\settings\src\Handlers\DatabaseHandler.php(163): CodeIgniter\Database\BaseBuilder->get()
#5 F:\projects\supportickets\vendor\codeigniter4\settings\src\Handlers\DatabaseHandler.php(41): CodeIgniter\Settings\Handlers\DatabaseHandler->hydrate(NULL)
#6 F:\projects\supportickets\vendor\codeigniter4\settings\src\Settings.php(59): CodeIgniter\Settings\Handlers\DatabaseHandler->has('Config\\Auth', 'sessionConfig', NULL)
#7 F:\projects\supportickets\vendor\codeigniter4\settings\src\Helpers\setting_helper.php(21): CodeIgniter\Settings\Settings->get('Auth.sessionCon...')
#8 F:\projects\supportickets\vendor\codeigniter4\shield\src\Authentication\Authenticators\Session.php(643): setting('Auth.sessionCon...')
#9 F:\projects\supportickets\vendor\codeigniter4\shield\src\Authentication\Authenticators\Session.php(661): CodeIgniter\Shield\Authentication\Authenticators\Session->getSessionUserInfo()
#10 F:\projects\supportickets\vendor\codeigniter4\shield\src\Authentication\Authenticators\Session.php(367): CodeIgniter\Shield\Authentication\Authenticators\Session->getSessionKey('id')
#11 F:\projects\supportickets\vendor\codeigniter4\shield\src\Authentication\Authenticators\Session.php(351): CodeIgniter\Shield\Authentication\Authenticators\Session->checkUserState()
#12 F:\projects\supportickets\vendor\codeigniter4\shield\src\Auth.php(159): CodeIgniter\Shield\Authentication\Authenticators\Session->loggedIn()
#13 F:\projects\supportickets\vendor\codeigniter4\shield\src\Collectors\Auth.php(67): CodeIgniter\Shield\Auth->__call('loggedIn', Array)
#14 F:\projects\supportickets\vendor\codeigniter4\framework\system\Debug\Toolbar\Collectors\BaseCollector.php(222): CodeIgniter\Shield\Collectors\Auth->display()
#15 F:\projects\supportickets\vendor\codeigniter4\framework\system\Debug\Toolbar.php(93): CodeIgniter\Debug\Toolbar\Collectors\BaseCollector->getAsArray()
#16 F:\projects\supportickets\vendor\codeigniter4\framework\system\Debug\Toolbar.php(376): CodeIgniter\Debug\Toolbar->run(1664820155.6263, 0.0279, Object(CodeIgniter\HTTP\IncomingRequest), Object(CodeIgniter\HTTP\Response))
#17 F:\projects\supportickets\vendor\codeigniter4\framework\system\Filters\DebugToolbar.php(40): CodeIgniter\Debug\Toolbar->prepare(Object(CodeIgniter\HTTP\IncomingRequest), Object(CodeIgniter\HTTP\Response))
#18 F:\projects\supportickets\vendor\codeigniter4\framework\system\Filters\Filters.php(196): CodeIgniter\Filters\DebugToolbar->after(Object(CodeIgniter\HTTP\IncomingRequest), Object(CodeIgniter\HTTP\Response), NULL)
#19 F:\projects\supportickets\vendor\codeigniter4\framework\system\CodeIgniter.php(477): CodeIgniter\Filters\Filters->run('/', 'after')
#20 F:\projects\supportickets\vendor\codeigniter4\framework\system\CodeIgniter.php(340): CodeIgniter\CodeIgniter->handleRequest(NULL, Object(Config\Cache), false)
#21 F:\projects\supportickets\public\index.php(55): CodeIgniter\CodeIgniter->run()
#22 F:\projects\supportickets\vendor\codeigniter4\framework\system\Commands\Server\rewrite.php(43): require_once('F:\\projects\\sup...')
#23 {main}

Next CodeIgniter\Database\Exceptions\DatabaseException: Access denied for user '****'@'localhost' (using password: YES) in F:\projects\supportickets\vendor\codeigniter4\framework\system\Database\MySQLi\Connection.php:215
Stack trace:
#0 F:\projects\supportickets\vendor\codeigniter4\framework\system\Database\BaseConnection.php(382): CodeIgniter\Database\MySQLi\Connection->connect(false)
#1 F:\projects\supportickets\vendor\codeigniter4\framework\system\Database\BaseConnection.php(588): CodeIgniter\Database\BaseConnection->initialize()
#2 F:\projects\supportickets\vendor\codeigniter4\framework\system\Database\BaseBuilder.php(1585): CodeIgniter\Database\BaseConnection->query('SELECT *\nFROM `...', Array, false)
#3 F:\projects\supportickets\vendor\codeigniter4\settings\src\Handlers\DatabaseHandler.php(163): CodeIgniter\Database\BaseBuilder->get()
#4 F:\projects\supportickets\vendor\codeigniter4\settings\src\Handlers\DatabaseHandler.php(41): CodeIgniter\Settings\Handlers\DatabaseHandler->hydrate(NULL)
#5 F:\projects\supportickets\vendor\codeigniter4\settings\src\Settings.php(59): CodeIgniter\Settings\Handlers\DatabaseHandler->has('Config\\Auth', 'sessionConfig', NULL)
#6 F:\projects\supportickets\vendor\codeigniter4\settings\src\Helpers\setting_helper.php(21): CodeIgniter\Settings\Settings->get('Auth.sessionCon...')
#7 F:\projects\supportickets\vendor\codeigniter4\shield\src\Authentication\Authenticators\Session.php(643): setting('Auth.sessionCon...')
#8 F:\projects\supportickets\vendor\codeigniter4\shield\src\Authentication\Authenticators\Session.php(661): CodeIgniter\Shield\Authentication\Authenticators\Session->getSessionUserInfo()
#9 F:\projects\supportickets\vendor\codeigniter4\shield\src\Authentication\Authenticators\Session.php(367): CodeIgniter\Shield\Authentication\Authenticators\Session->getSessionKey('id')
#10 F:\projects\supportickets\vendor\codeigniter4\shield\src\Authentication\Authenticators\Session.php(351): CodeIgniter\Shield\Authentication\Authenticators\Session->checkUserState()
#11 F:\projects\supportickets\vendor\codeigniter4\shield\src\Auth.php(159): CodeIgniter\Shield\Authentication\Authenticators\Session->loggedIn()
#12 F:\projects\supportickets\vendor\codeigniter4\shield\src\Collectors\Auth.php(67): CodeIgniter\Shield\Auth->__call('loggedIn', Array)
#13 F:\projects\supportickets\vendor\codeigniter4\framework\system\Debug\Toolbar\Collectors\BaseCollector.php(222): CodeIgniter\Shield\Collectors\Auth->display()
#14 F:\projects\supportickets\vendor\codeigniter4\framework\system\Debug\Toolbar.php(93): CodeIgniter\Debug\Toolbar\Collectors\BaseCollector->getAsArray()
#15 F:\projects\supportickets\vendor\codeigniter4\framework\system\Debug\Toolbar.php(376): CodeIgniter\Debug\Toolbar->run(1664820155.6263, 0.0279, Object(CodeIgniter\HTTP\IncomingRequest), Object(CodeIgniter\HTTP\Response))
#16 F:\projects\supportickets\vendor\codeigniter4\framework\system\Filters\DebugToolbar.php(40): CodeIgniter\Debug\Toolbar->prepare(Object(CodeIgniter\HTTP\IncomingRequest), Object(CodeIgniter\HTTP\Response))
#17 F:\projects\supportickets\vendor\codeigniter4\framework\system\Filters\Filters.php(196): CodeIgniter\Filters\DebugToolbar->after(Object(CodeIgniter\HTTP\IncomingRequest), Object(CodeIgniter\HTTP\Response), NULL)
#18 F:\projects\supportickets\vendor\codeigniter4\framework\system\CodeIgniter.php(477): CodeIgniter\Filters\Filters->run('/', 'after')
#19 F:\projects\supportickets\vendor\codeigniter4\framework\system\CodeIgniter.php(340): CodeIgniter\CodeIgniter->handleRequest(NULL, Object(Config\Cache), false)
#20 F:\projects\supportickets\public\index.php(55): CodeIgniter\CodeIgniter->run()
#21 F:\projects\supportickets\vendor\codeigniter4\framework\system\Commands\Server\rewrite.php(43): require_once('F:\\projects\\sup...')
#22 {main}
CRITICAL - 2022-10-03 13:02:35 --> Unable to connect to the database.
Main connection [MySQLi]: Access denied for user '****'@'localhost' (using password: YES)
in SYSTEMPATH\Database\BaseConnection.php on line 418.
 1 SYSTEMPATH\Database\BaseConnection.php(588): CodeIgniter\Database\BaseConnection->initialize()
 2 SYSTEMPATH\Database\BaseBuilder.php(1585): CodeIgniter\Database\BaseConnection->query('SELECT *
FROM `settings`
WHERE `context` IS NULL', [], false)
 3 VENDORPATH\codeigniter4\settings\src\Handlers\DatabaseHandler.php(163): CodeIgniter\Database\BaseBuilder->get()
 4 VENDORPATH\codeigniter4\settings\src\Handlers\DatabaseHandler.php(41): CodeIgniter\Settings\Handlers\DatabaseHandler->hydrate(null)
 5 VENDORPATH\codeigniter4\settings\src\Settings.php(59): CodeIgniter\Settings\Handlers\DatabaseHandler->has('Config\\Auth', 'sessionConfig', null)
 6 VENDORPATH\codeigniter4\settings\src\Helpers\setting_helper.php(21): CodeIgniter\Settings\Settings->get('Auth.sessionConfig')
 7 VENDORPATH\codeigniter4\shield\src\Authentication\Authenticators\Session.php(643): setting('Auth.sessionConfig')
 8 VENDORPATH\codeigniter4\shield\src\Authentication\Authenticators\Session.php(661): CodeIgniter\Shield\Authentication\Authenticators\Session->getSessionUserInfo()
 9 VENDORPATH\codeigniter4\shield\src\Authentication\Authenticators\Session.php(367): CodeIgniter\Shield\Authentication\Authenticators\Session->getSessionKey('id')
10 VENDORPATH\codeigniter4\shield\src\Authentication\Authenticators\Session.php(351): CodeIgniter\Shield\Authentication\Authenticators\Session->checkUserState()
11 VENDORPATH\codeigniter4\shield\src\Auth.php(159): CodeIgniter\Shield\Authentication\Authenticators\Session->loggedIn()
12 VENDORPATH\codeigniter4\shield\src\Collectors\Auth.php(67): CodeIgniter\Shield\Auth->__call('loggedIn', [])
13 SYSTEMPATH\Debug\Toolbar\Collectors\BaseCollector.php(222): CodeIgniter\Shield\Collectors\Auth->display()
14 SYSTEMPATH\Debug\Toolbar.php(93): CodeIgniter\Debug\Toolbar\Collectors\BaseCollector->getAsArray()
15 SYSTEMPATH\Debug\Toolbar.php(376): CodeIgniter\Debug\Toolbar->run(1664820155.626274, 0.0279, Object(CodeIgniter\HTTP\IncomingRequest), Object(CodeIgniter\HTTP\Response))
16 SYSTEMPATH\Filters\DebugToolbar.php(40): CodeIgniter\Debug\Toolbar->prepare(Object(CodeIgniter\HTTP\IncomingRequest), Object(CodeIgniter\HTTP\Response))
17 SYSTEMPATH\Filters\Filters.php(196): CodeIgniter\Filters\DebugToolbar->after(Object(CodeIgniter\HTTP\IncomingRequest), Object(CodeIgniter\HTTP\Response), null)
18 SYSTEMPATH\CodeIgniter.php(477): CodeIgniter\Filters\Filters->run('F:\\', 'after')
19 SYSTEMPATH\CodeIgniter.php(340): CodeIgniter\CodeIgniter->handleRequest(null, Object(Config\Cache), false)
20 FCPATH\index.php(55): CodeIgniter\CodeIgniter->run()
21 SYSTEMPATH\Commands\Server\rewrite.php(43): require_once('FCPATH\\index.php')
ERROR - 2022-10-03 13:15:45 --> mysqli_sql_exception: Table 'supportickets.settings' doesn't exist in F:\projects\supportickets\vendor\codeigniter4\framework\system\Database\MySQLi\Connection.php:292
Stack trace:
#0 F:\projects\supportickets\vendor\codeigniter4\framework\system\Database\MySQLi\Connection.php(292): mysqli->query('SELECT *\nFROM `...', 0)
#1 F:\projects\supportickets\vendor\codeigniter4\framework\system\Database\BaseConnection.php(693): CodeIgniter\Database\MySQLi\Connection->execute('SELECT *\nFROM `...')
#2 F:\projects\supportickets\vendor\codeigniter4\framework\system\Database\BaseConnection.php(620): CodeIgniter\Database\BaseConnection->simpleQuery('SELECT *\nFROM `...')
#3 F:\projects\supportickets\vendor\codeigniter4\framework\system\Database\BaseBuilder.php(1585): CodeIgniter\Database\BaseConnection->query('SELECT *\nFROM `...', Array, false)
#4 F:\projects\supportickets\vendor\codeigniter4\settings\src\Handlers\DatabaseHandler.php(163): CodeIgniter\Database\BaseBuilder->get()
#5 F:\projects\supportickets\vendor\codeigniter4\settings\src\Handlers\DatabaseHandler.php(41): CodeIgniter\Settings\Handlers\DatabaseHandler->hydrate(NULL)
#6 F:\projects\supportickets\vendor\codeigniter4\settings\src\Settings.php(59): CodeIgniter\Settings\Handlers\DatabaseHandler->has('Config\\Auth', 'sessionConfig', NULL)
#7 F:\projects\supportickets\vendor\codeigniter4\settings\src\Helpers\setting_helper.php(21): CodeIgniter\Settings\Settings->get('Auth.sessionCon...')
#8 F:\projects\supportickets\vendor\codeigniter4\shield\src\Authentication\Authenticators\Session.php(643): setting('Auth.sessionCon...')
#9 F:\projects\supportickets\vendor\codeigniter4\shield\src\Authentication\Authenticators\Session.php(661): CodeIgniter\Shield\Authentication\Authenticators\Session->getSessionUserInfo()
#10 F:\projects\supportickets\vendor\codeigniter4\shield\src\Authentication\Authenticators\Session.php(367): CodeIgniter\Shield\Authentication\Authenticators\Session->getSessionKey('id')
#11 F:\projects\supportickets\vendor\codeigniter4\shield\src\Authentication\Authenticators\Session.php(351): CodeIgniter\Shield\Authentication\Authenticators\Session->checkUserState()
#12 F:\projects\supportickets\vendor\codeigniter4\shield\src\Auth.php(159): CodeIgniter\Shield\Authentication\Authenticators\Session->loggedIn()
#13 F:\projects\supportickets\vendor\codeigniter4\shield\src\Collectors\Auth.php(67): CodeIgniter\Shield\Auth->__call('loggedIn', Array)
#14 F:\projects\supportickets\vendor\codeigniter4\framework\system\Debug\Toolbar\Collectors\BaseCollector.php(222): CodeIgniter\Shield\Collectors\Auth->display()
#15 F:\projects\supportickets\vendor\codeigniter4\framework\system\Debug\Toolbar.php(93): CodeIgniter\Debug\Toolbar\Collectors\BaseCollector->getAsArray()
#16 F:\projects\supportickets\vendor\codeigniter4\framework\system\Debug\Toolbar.php(376): CodeIgniter\Debug\Toolbar->run(1664820945.6673, 0.081, Object(CodeIgniter\HTTP\IncomingRequest), Object(CodeIgniter\HTTP\Response))
#17 F:\projects\supportickets\vendor\codeigniter4\framework\system\Filters\DebugToolbar.php(40): CodeIgniter\Debug\Toolbar->prepare(Object(CodeIgniter\HTTP\IncomingRequest), Object(CodeIgniter\HTTP\Response))
#18 F:\projects\supportickets\vendor\codeigniter4\framework\system\Filters\Filters.php(196): CodeIgniter\Filters\DebugToolbar->after(Object(CodeIgniter\HTTP\IncomingRequest), Object(CodeIgniter\HTTP\Response), NULL)
#19 F:\projects\supportickets\vendor\codeigniter4\framework\system\CodeIgniter.php(477): CodeIgniter\Filters\Filters->run('/', 'after')
#20 F:\projects\supportickets\vendor\codeigniter4\framework\system\CodeIgniter.php(340): CodeIgniter\CodeIgniter->handleRequest(NULL, Object(Config\Cache), false)
#21 F:\projects\supportickets\public\index.php(55): CodeIgniter\CodeIgniter->run()
#22 F:\projects\supportickets\vendor\codeigniter4\framework\system\Commands\Server\rewrite.php(43): require_once('F:\\projects\\sup...')
#23 {main}
CRITICAL - 2022-10-03 13:15:45 --> Table 'supportickets.settings' doesn't exist
in SYSTEMPATH\Database\MySQLi\Connection.php on line 292.
 1 SYSTEMPATH\Database\MySQLi\Connection.php(292): mysqli->query('SELECT *
FROM `settings`
WHERE `context` IS NULL', 0)
 2 SYSTEMPATH\Database\BaseConnection.php(693): CodeIgniter\Database\MySQLi\Connection->execute('SELECT *
FROM `settings`
WHERE `context` IS NULL')
 3 SYSTEMPATH\Database\BaseConnection.php(620): CodeIgniter\Database\BaseConnection->simpleQuery('SELECT *
FROM `settings`
WHERE `context` IS NULL')
 4 SYSTEMPATH\Database\BaseBuilder.php(1585): CodeIgniter\Database\BaseConnection->query('SELECT *
FROM `settings`
WHERE `context` IS NULL', [], false)
 5 VENDORPATH\codeigniter4\settings\src\Handlers\DatabaseHandler.php(163): CodeIgniter\Database\BaseBuilder->get()
 6 VENDORPATH\codeigniter4\settings\src\Handlers\DatabaseHandler.php(41): CodeIgniter\Settings\Handlers\DatabaseHandler->hydrate(null)
 7 VENDORPATH\codeigniter4\settings\src\Settings.php(59): CodeIgniter\Settings\Handlers\DatabaseHandler->has('Config\\Auth', 'sessionConfig', null)
 8 VENDORPATH\codeigniter4\settings\src\Helpers\setting_helper.php(21): CodeIgniter\Settings\Settings->get('Auth.sessionConfig')
 9 VENDORPATH\codeigniter4\shield\src\Authentication\Authenticators\Session.php(643): setting('Auth.sessionConfig')
10 VENDORPATH\codeigniter4\shield\src\Authentication\Authenticators\Session.php(661): CodeIgniter\Shield\Authentication\Authenticators\Session->getSessionUserInfo()
11 VENDORPATH\codeigniter4\shield\src\Authentication\Authenticators\Session.php(367): CodeIgniter\Shield\Authentication\Authenticators\Session->getSessionKey('id')
12 VENDORPATH\codeigniter4\shield\src\Authentication\Authenticators\Session.php(351): CodeIgniter\Shield\Authentication\Authenticators\Session->checkUserState()
13 VENDORPATH\codeigniter4\shield\src\Auth.php(159): CodeIgniter\Shield\Authentication\Authenticators\Session->loggedIn()
14 VENDORPATH\codeigniter4\shield\src\Collectors\Auth.php(67): CodeIgniter\Shield\Auth->__call('loggedIn', [])
15 SYSTEMPATH\Debug\Toolbar\Collectors\BaseCollector.php(222): CodeIgniter\Shield\Collectors\Auth->display()
16 SYSTEMPATH\Debug\Toolbar.php(93): CodeIgniter\Debug\Toolbar\Collectors\BaseCollector->getAsArray()
17 SYSTEMPATH\Debug\Toolbar.php(376): CodeIgniter\Debug\Toolbar->run(1664820945.667331, 0.081, Object(CodeIgniter\HTTP\IncomingRequest), Object(CodeIgniter\HTTP\Response))
18 SYSTEMPATH\Filters\DebugToolbar.php(40): CodeIgniter\Debug\Toolbar->prepare(Object(CodeIgniter\HTTP\IncomingRequest), Object(CodeIgniter\HTTP\Response))
19 SYSTEMPATH\Filters\Filters.php(196): CodeIgniter\Filters\DebugToolbar->after(Object(CodeIgniter\HTTP\IncomingRequest), Object(CodeIgniter\HTTP\Response), null)
20 SYSTEMPATH\CodeIgniter.php(477): CodeIgniter\Filters\Filters->run('F:\\', 'after')
21 SYSTEMPATH\CodeIgniter.php(340): CodeIgniter\CodeIgniter->handleRequest(null, Object(Config\Cache), false)
22 FCPATH\index.php(55): CodeIgniter\CodeIgniter->run()
23 SYSTEMPATH\Commands\Server\rewrite.php(43): require_once('FCPATH\\index.php')
CRITICAL - 2022-10-03 14:17:14 --> Object of class DateTime could not be converted to string
in APPPATH\Views\kanban\index.php on line 34.
 1 SYSTEMPATH\View\View.php(213): include()
 2 SYSTEMPATH\View\View.php(216): CodeIgniter\View\View->CodeIgniter\View\{closure}()
 3 SYSTEMPATH\Common.php(1142): CodeIgniter\View\View->render('kanban/index', [], true)
 4 APPPATH\Controllers\KanbanController.php(24): view('kanban/index', [...])
 5 SYSTEMPATH\CodeIgniter.php(907): App\Controllers\KanbanController->index()
 6 SYSTEMPATH\CodeIgniter.php(457): CodeIgniter\CodeIgniter->runController(Object(App\Controllers\KanbanController))
 7 SYSTEMPATH\CodeIgniter.php(340): CodeIgniter\CodeIgniter->handleRequest(null, Object(Config\Cache), false)
 8 FCPATH\index.php(55): CodeIgniter\CodeIgniter->run()
 9 SYSTEMPATH\Commands\Server\rewrite.php(43): require_once('FCPATH\\index.php')
CRITICAL - 2022-10-03 14:23:00 --> Object of class DateTime could not be converted to string
in APPPATH\Views\kanban\index.php on line 34.
 1 SYSTEMPATH\View\View.php(213): include()
 2 SYSTEMPATH\View\View.php(216): CodeIgniter\View\View->CodeIgniter\View\{closure}()
 3 SYSTEMPATH\Common.php(1142): CodeIgniter\View\View->render('kanban/index', [], true)
 4 APPPATH\Controllers\KanbanController.php(24): view('kanban/index', [...])
 5 SYSTEMPATH\CodeIgniter.php(907): App\Controllers\KanbanController->index()
 6 SYSTEMPATH\CodeIgniter.php(457): CodeIgniter\CodeIgniter->runController(Object(App\Controllers\KanbanController))
 7 SYSTEMPATH\CodeIgniter.php(340): CodeIgniter\CodeIgniter->handleRequest(null, Object(Config\Cache), false)
 8 FCPATH\index.php(55): CodeIgniter\CodeIgniter->run()
 9 SYSTEMPATH\Commands\Server\rewrite.php(43): require_once('FCPATH\\index.php')
CRITICAL - 2022-10-03 14:56:02 --> Class "App\Controllers\Ticket" not found
in APPPATH\Controllers\Solicitante.php on line 25.
 1 SYSTEMPATH\CodeIgniter.php(869): App\Controllers\Solicitante->__construct()
 2 SYSTEMPATH\CodeIgniter.php(448): CodeIgniter\CodeIgniter->createController()
 3 SYSTEMPATH\CodeIgniter.php(340): CodeIgniter\CodeIgniter->handleRequest(null, Object(Config\Cache), false)
 4 FCPATH\index.php(55): CodeIgniter\CodeIgniter->run()
 5 SYSTEMPATH\Commands\Server\rewrite.php(43): require_once('FCPATH\\index.php')
CRITICAL - 2022-10-03 14:56:36 --> Undefined variable $areas
in APPPATH\Views\solicitudTicket\index.php on line 56.
 1 APPPATH\Views\solicitudTicket\index.php(56): CodeIgniter\Debug\Exceptions->errorHandler(2, 'Undefined variable $areas', 'APPPATH\\Views\\solicitudTicket\\index.php', 56)
 2 SYSTEMPATH\View\View.php(213): include('APPPATH\\Views\\solicitudTicket\\index.php')
 3 SYSTEMPATH\View\View.php(216): CodeIgniter\View\View->CodeIgniter\View\{closure}()
 4 SYSTEMPATH\Common.php(1142): CodeIgniter\View\View->render('solicitudTicket/index', [], true)
 5 APPPATH\Controllers\Solicitante.php(56): view('solicitudTicket/index', [...])
 6 SYSTEMPATH\CodeIgniter.php(907): App\Controllers\Solicitante->index()
 7 SYSTEMPATH\CodeIgniter.php(457): CodeIgniter\CodeIgniter->runController(Object(App\Controllers\Solicitante))
 8 SYSTEMPATH\CodeIgniter.php(340): CodeIgniter\CodeIgniter->handleRequest(null, Object(Config\Cache), false)
 9 FCPATH\index.php(55): CodeIgniter\CodeIgniter->run()
10 SYSTEMPATH\Commands\Server\rewrite.php(43): require_once('FCPATH\\index.php')
CRITICAL - 2022-10-03 14:58:19 --> Cannot redeclare App\Controllers\Solicitante::new()
in APPPATH\Controllers\Solicitante.php on line 109.
 1 [internal function]: CodeIgniter\Debug\Exceptions->shutdownHandler()
CRITICAL - 2022-10-03 14:59:03 --> Cannot redeclare App\Controllers\Solicitante::new()
in APPPATH\Controllers\Solicitante.php on line 109.
 1 [internal function]: CodeIgniter\Debug\Exceptions->shutdownHandler()
CRITICAL - 2022-10-03 14:59:43 --> Cannot redeclare App\Controllers\Solicitante::new()
in APPPATH\Controllers\Solicitante.php on line 109.
 1 [internal function]: CodeIgniter\Debug\Exceptions->shutdownHandler()
ERROR - 2022-10-03 23:00:14 --> mysqli_sql_exception: Table 'sistematickets.settings' doesn't exist in F:\projects\sistematickets\vendor\codeigniter4\framework\system\Database\MySQLi\Connection.php:292
Stack trace:
#0 F:\projects\sistematickets\vendor\codeigniter4\framework\system\Database\MySQLi\Connection.php(292): mysqli->query('SELECT *\nFROM `...', 0)
#1 F:\projects\sistematickets\vendor\codeigniter4\framework\system\Database\BaseConnection.php(693): CodeIgniter\Database\MySQLi\Connection->execute('SELECT *\nFROM `...')
#2 F:\projects\sistematickets\vendor\codeigniter4\framework\system\Database\BaseConnection.php(620): CodeIgniter\Database\BaseConnection->simpleQuery('SELECT *\nFROM `...')
#3 F:\projects\sistematickets\vendor\codeigniter4\framework\system\Database\BaseBuilder.php(1585): CodeIgniter\Database\BaseConnection->query('SELECT *\nFROM `...', Array, false)
#4 F:\projects\sistematickets\vendor\codeigniter4\settings\src\Handlers\DatabaseHandler.php(163): CodeIgniter\Database\BaseBuilder->get()
#5 F:\projects\sistematickets\vendor\codeigniter4\settings\src\Handlers\DatabaseHandler.php(41): CodeIgniter\Settings\Handlers\DatabaseHandler->hydrate(NULL)
#6 F:\projects\sistematickets\vendor\codeigniter4\settings\src\Settings.php(59): CodeIgniter\Settings\Handlers\DatabaseHandler->has('Config\\Auth', 'sessionConfig', NULL)
#7 F:\projects\sistematickets\vendor\codeigniter4\settings\src\Helpers\setting_helper.php(21): CodeIgniter\Settings\Settings->get('Auth.sessionCon...')
#8 F:\projects\sistematickets\vendor\codeigniter4\shield\src\Authentication\Authenticators\Session.php(643): setting('Auth.sessionCon...')
#9 F:\projects\sistematickets\vendor\codeigniter4\shield\src\Authentication\Authenticators\Session.php(661): CodeIgniter\Shield\Authentication\Authenticators\Session->getSessionUserInfo()
#10 F:\projects\sistematickets\vendor\codeigniter4\shield\src\Authentication\Authenticators\Session.php(367): CodeIgniter\Shield\Authentication\Authenticators\Session->getSessionKey('id')
#11 F:\projects\sistematickets\vendor\codeigniter4\shield\src\Authentication\Authenticators\Session.php(351): CodeIgniter\Shield\Authentication\Authenticators\Session->checkUserState()
#12 F:\projects\sistematickets\vendor\codeigniter4\shield\src\Auth.php(159): CodeIgniter\Shield\Authentication\Authenticators\Session->loggedIn()
#13 F:\projects\sistematickets\vendor\codeigniter4\shield\src\Collectors\Auth.php(67): CodeIgniter\Shield\Auth->__call('loggedIn', Array)
#14 F:\projects\sistematickets\vendor\codeigniter4\framework\system\Debug\Toolbar\Collectors\BaseCollector.php(222): CodeIgniter\Shield\Collectors\Auth->display()
#15 F:\projects\sistematickets\vendor\codeigniter4\framework\system\Debug\Toolbar.php(93): CodeIgniter\Debug\Toolbar\Collectors\BaseCollector->getAsArray()
#16 F:\projects\sistematickets\vendor\codeigniter4\framework\system\Debug\Toolbar.php(376): CodeIgniter\Debug\Toolbar->run(1664856014.2779, 0.2138, Object(CodeIgniter\HTTP\IncomingRequest), Object(CodeIgniter\HTTP\Response))
#17 F:\projects\sistematickets\vendor\codeigniter4\framework\system\Filters\DebugToolbar.php(40): CodeIgniter\Debug\Toolbar->prepare(Object(CodeIgniter\HTTP\IncomingRequest), Object(CodeIgniter\HTTP\Response))
#18 F:\projects\sistematickets\vendor\codeigniter4\framework\system\Filters\Filters.php(196): CodeIgniter\Filters\DebugToolbar->after(Object(CodeIgniter\HTTP\IncomingRequest), Object(CodeIgniter\HTTP\Response), NULL)
#19 F:\projects\sistematickets\vendor\codeigniter4\framework\system\CodeIgniter.php(477): CodeIgniter\Filters\Filters->run('/', 'after')
#20 F:\projects\sistematickets\vendor\codeigniter4\framework\system\CodeIgniter.php(340): CodeIgniter\CodeIgniter->handleRequest(NULL, Object(Config\Cache), false)
#21 F:\projects\sistematickets\public\index.php(55): CodeIgniter\CodeIgniter->run()
#22 F:\projects\sistematickets\vendor\codeigniter4\framework\system\Commands\Server\rewrite.php(43): require_once('F:\\projects\\sis...')
#23 {main}
CRITICAL - 2022-10-03 23:00:14 --> Table 'sistematickets.settings' doesn't exist
in SYSTEMPATH\Database\MySQLi\Connection.php on line 292.
 1 SYSTEMPATH\Database\MySQLi\Connection.php(292): mysqli->query('SELECT *
FROM `settings`
WHERE `context` IS NULL', 0)
 2 SYSTEMPATH\Database\BaseConnection.php(693): CodeIgniter\Database\MySQLi\Connection->execute('SELECT *
FROM `settings`
WHERE `context` IS NULL')
 3 SYSTEMPATH\Database\BaseConnection.php(620): CodeIgniter\Database\BaseConnection->simpleQuery('SELECT *
FROM `settings`
WHERE `context` IS NULL')
 4 SYSTEMPATH\Database\BaseBuilder.php(1585): CodeIgniter\Database\BaseConnection->query('SELECT *
FROM `settings`
WHERE `context` IS NULL', [], false)
 5 VENDORPATH\codeigniter4\settings\src\Handlers\DatabaseHandler.php(163): CodeIgniter\Database\BaseBuilder->get()
 6 VENDORPATH\codeigniter4\settings\src\Handlers\DatabaseHandler.php(41): CodeIgniter\Settings\Handlers\DatabaseHandler->hydrate(null)
 7 VENDORPATH\codeigniter4\settings\src\Settings.php(59): CodeIgniter\Settings\Handlers\DatabaseHandler->has('Config\\Auth', 'sessionConfig', null)
 8 VENDORPATH\codeigniter4\settings\src\Helpers\setting_helper.php(21): CodeIgniter\Settings\Settings->get('Auth.sessionConfig')
 9 VENDORPATH\codeigniter4\shield\src\Authentication\Authenticators\Session.php(643): setting('Auth.sessionConfig')
10 VENDORPATH\codeigniter4\shield\src\Authentication\Authenticators\Session.php(661): CodeIgniter\Shield\Authentication\Authenticators\Session->getSessionUserInfo()
11 VENDORPATH\codeigniter4\shield\src\Authentication\Authenticators\Session.php(367): CodeIgniter\Shield\Authentication\Authenticators\Session->getSessionKey('id')
12 VENDORPATH\codeigniter4\shield\src\Authentication\Authenticators\Session.php(351): CodeIgniter\Shield\Authentication\Authenticators\Session->checkUserState()
13 VENDORPATH\codeigniter4\shield\src\Auth.php(159): CodeIgniter\Shield\Authentication\Authenticators\Session->loggedIn()
14 VENDORPATH\codeigniter4\shield\src\Collectors\Auth.php(67): CodeIgniter\Shield\Auth->__call('loggedIn', [])
15 SYSTEMPATH\Debug\Toolbar\Collectors\BaseCollector.php(222): CodeIgniter\Shield\Collectors\Auth->display()
16 SYSTEMPATH\Debug\Toolbar.php(93): CodeIgniter\Debug\Toolbar\Collectors\BaseCollector->getAsArray()
17 SYSTEMPATH\Debug\Toolbar.php(376): CodeIgniter\Debug\Toolbar->run(1664856014.277874, 0.2138, Object(CodeIgniter\HTTP\IncomingRequest), Object(CodeIgniter\HTTP\Response))
18 SYSTEMPATH\Filters\DebugToolbar.php(40): CodeIgniter\Debug\Toolbar->prepare(Object(CodeIgniter\HTTP\IncomingRequest), Object(CodeIgniter\HTTP\Response))
19 SYSTEMPATH\Filters\Filters.php(196): CodeIgniter\Filters\DebugToolbar->after(Object(CodeIgniter\HTTP\IncomingRequest), Object(CodeIgniter\HTTP\Response), null)
20 SYSTEMPATH\CodeIgniter.php(477): CodeIgniter\Filters\Filters->run('F:\\', 'after')
21 SYSTEMPATH\CodeIgniter.php(340): CodeIgniter\CodeIgniter->handleRequest(null, Object(Config\Cache), false)
22 FCPATH\index.php(55): CodeIgniter\CodeIgniter->run()
23 SYSTEMPATH\Commands\Server\rewrite.php(43): require_once('FCPATH\\index.php')
