CRITICAL - 2022-10-05 23:33:47 --> pathinfo(): Passing null to parameter #1 ($path) of type string is deprecated
in VENDORPATH\dompdf\dompdf\src\Dompdf.php on line 354.
 1 [internal function]: CodeIgniter\Debug\Exceptions->errorHandler(8192, 'pathinfo(): Passing null to parameter #1 ($path) of type string is deprecated', 'VENDORPATH\\dompdf\\dompdf\\src\\Dompdf.php', 354)
 2 VENDORPATH\dompdf\dompdf\src\Dompdf.php(354): pathinfo(null, 4)
 3 APPPATH\Controllers\TicketController.php(259): Dompdf\Dompdf->loadHtmlFile('ticket/index')
 4 SYSTEMPATH\CodeIgniter.php(907): App\Controllers\TicketController->generarPDF()
 5 SYSTEMPATH\CodeIgniter.php(457): CodeIgniter\CodeIgniter->runController(Object(App\Controllers\TicketController))
 6 SYSTEMPATH\CodeIgniter.php(340): CodeIgniter\CodeIgniter->handleRequest(null, Object(Config\Cache), false)
 7 FCPATH\index.php(55): CodeIgniter\CodeIgniter->run()
 8 SYSTEMPATH\Commands\Server\rewrite.php(43): require_once('FCPATH\\index.php')
CRITICAL - 2022-10-05 23:34:13 --> pathinfo(): Passing null to parameter #1 ($path) of type string is deprecated
in VENDORPATH\dompdf\dompdf\src\Dompdf.php on line 354.
 1 [internal function]: CodeIgniter\Debug\Exceptions->errorHandler(8192, 'pathinfo(): Passing null to parameter #1 ($path) of type string is deprecated', 'VENDORPATH\\dompdf\\dompdf\\src\\Dompdf.php', 354)
 2 VENDORPATH\dompdf\dompdf\src\Dompdf.php(354): pathinfo(null, 4)
 3 APPPATH\Controllers\TicketController.php(259): Dompdf\Dompdf->loadHtmlFile('ticket/')
 4 SYSTEMPATH\CodeIgniter.php(907): App\Controllers\TicketController->generarPDF()
 5 SYSTEMPATH\CodeIgniter.php(457): CodeIgniter\CodeIgniter->runController(Object(App\Controllers\TicketController))
 6 SYSTEMPATH\CodeIgniter.php(340): CodeIgniter\CodeIgniter->handleRequest(null, Object(Config\Cache), false)
 7 FCPATH\index.php(55): CodeIgniter\CodeIgniter->run()
 8 SYSTEMPATH\Commands\Server\rewrite.php(43): require_once('FCPATH\\index.php')
CRITICAL - 2022-10-05 23:38:30 --> Object of class Dompdf\Dompdf could not be converted to string
in APPPATH\Controllers\TicketController.php on line 261.
 1 SYSTEMPATH\CodeIgniter.php(907): App\Controllers\TicketController->generarPDF()
 2 SYSTEMPATH\CodeIgniter.php(457): CodeIgniter\CodeIgniter->runController(Object(App\Controllers\TicketController))
 3 SYSTEMPATH\CodeIgniter.php(340): CodeIgniter\CodeIgniter->handleRequest(null, Object(Config\Cache), false)
 4 FCPATH\index.php(55): CodeIgniter\CodeIgniter->run()
 5 SYSTEMPATH\Commands\Server\rewrite.php(43): require_once('FCPATH\\index.php')
