CRITICAL - 2022-10-17 07:41:16 --> Class "Locale" not found
in SYSTEMPATH\CodeIgniter.php on line 181.
 1 ROOTPATH\spark(71): CodeIgniter\CodeIgniter->initialize()
ERROR - 2022-10-17 00:50:17 --> mysqli_sql_exception: Table 'sistematickets.settings' doesn't exist in F:\projects\sistematicketsBootstrap\vendor\codeigniter4\framework\system\Database\MySQLi\Connection.php:292
Stack trace:
#0 F:\projects\sistematicketsBootstrap\vendor\codeigniter4\framework\system\Database\MySQLi\Connection.php(292): mysqli->query('SELECT *\nFROM `...', 0)
#1 F:\projects\sistematicketsBootstrap\vendor\codeigniter4\framework\system\Database\BaseConnection.php(693): CodeIgniter\Database\MySQLi\Connection->execute('SELECT *\nFROM `...')
#2 F:\projects\sistematicketsBootstrap\vendor\codeigniter4\framework\system\Database\BaseConnection.php(620): CodeIgniter\Database\BaseConnection->simpleQuery('SELECT *\nFROM `...')
#3 F:\projects\sistematicketsBootstrap\vendor\codeigniter4\framework\system\Database\BaseBuilder.php(1585): CodeIgniter\Database\BaseConnection->query('SELECT *\nFROM `...', Array, false)
#4 F:\projects\sistematicketsBootstrap\vendor\codeigniter4\settings\src\Handlers\DatabaseHandler.php(163): CodeIgniter\Database\BaseBuilder->get()
#5 F:\projects\sistematicketsBootstrap\vendor\codeigniter4\settings\src\Handlers\DatabaseHandler.php(41): CodeIgniter\Settings\Handlers\DatabaseHandler->hydrate(NULL)
#6 F:\projects\sistematicketsBootstrap\vendor\codeigniter4\settings\src\Settings.php(59): CodeIgniter\Settings\Handlers\DatabaseHandler->has('Config\\Auth', 'sessionConfig', NULL)
#7 F:\projects\sistematicketsBootstrap\vendor\codeigniter4\settings\src\Helpers\setting_helper.php(21): CodeIgniter\Settings\Settings->get('Auth.sessionCon...')
#8 F:\projects\sistematicketsBootstrap\vendor\codeigniter4\shield\src\Authentication\Authenticators\Session.php(643): setting('Auth.sessionCon...')
#9 F:\projects\sistematicketsBootstrap\vendor\codeigniter4\shield\src\Authentication\Authenticators\Session.php(661): CodeIgniter\Shield\Authentication\Authenticators\Session->getSessionUserInfo()
#10 F:\projects\sistematicketsBootstrap\vendor\codeigniter4\shield\src\Authentication\Authenticators\Session.php(367): CodeIgniter\Shield\Authentication\Authenticators\Session->getSessionKey('id')
#11 F:\projects\sistematicketsBootstrap\vendor\codeigniter4\shield\src\Authentication\Authenticators\Session.php(351): CodeIgniter\Shield\Authentication\Authenticators\Session->checkUserState()
#12 F:\projects\sistematicketsBootstrap\vendor\codeigniter4\shield\src\Auth.php(159): CodeIgniter\Shield\Authentication\Authenticators\Session->loggedIn()
#13 F:\projects\sistematicketsBootstrap\vendor\codeigniter4\shield\src\Collectors\Auth.php(67): CodeIgniter\Shield\Auth->__call('loggedIn', Array)
#14 F:\projects\sistematicketsBootstrap\vendor\codeigniter4\framework\system\Debug\Toolbar\Collectors\BaseCollector.php(222): CodeIgniter\Shield\Collectors\Auth->display()
#15 F:\projects\sistematicketsBootstrap\vendor\codeigniter4\framework\system\Debug\Toolbar.php(93): CodeIgniter\Debug\Toolbar\Collectors\BaseCollector->getAsArray()
#16 F:\projects\sistematicketsBootstrap\vendor\codeigniter4\framework\system\Debug\Toolbar.php(374): CodeIgniter\Debug\Toolbar->run(1665985817.0417, 0.0708, Object(CodeIgniter\HTTP\IncomingRequest), Object(CodeIgniter\HTTP\Response))
#17 F:\projects\sistematicketsBootstrap\vendor\codeigniter4\framework\system\Filters\DebugToolbar.php(40): CodeIgniter\Debug\Toolbar->prepare(Object(CodeIgniter\HTTP\IncomingRequest), Object(CodeIgniter\HTTP\Response))
#18 F:\projects\sistematicketsBootstrap\vendor\codeigniter4\framework\system\Filters\Filters.php(196): CodeIgniter\Filters\DebugToolbar->after(Object(CodeIgniter\HTTP\IncomingRequest), Object(CodeIgniter\HTTP\Response), NULL)
#19 F:\projects\sistematicketsBootstrap\vendor\codeigniter4\framework\system\CodeIgniter.php(477): CodeIgniter\Filters\Filters->run('/', 'after')
#20 F:\projects\sistematicketsBootstrap\vendor\codeigniter4\framework\system\CodeIgniter.php(340): CodeIgniter\CodeIgniter->handleRequest(NULL, Object(Config\Cache), false)
#21 F:\projects\sistematicketsBootstrap\public\index.php(55): CodeIgniter\CodeIgniter->run()
#22 F:\projects\sistematicketsBootstrap\vendor\codeigniter4\framework\system\Commands\Server\rewrite.php(46): require_once('F:\\projects\\sis...')
#23 {main}
CRITICAL - 2022-10-17 00:50:17 --> Table 'sistematickets.settings' doesn't exist
in SYSTEMPATH\Database\MySQLi\Connection.php on line 292.
 1 SYSTEMPATH\Database\MySQLi\Connection.php(292): mysqli->query('SELECT *
FROM `settings`
WHERE `context` IS NULL', 0)
 2 SYSTEMPATH\Database\BaseConnection.php(693): CodeIgniter\Database\MySQLi\Connection->execute('SELECT *
FROM `settings`
WHERE `context` IS NULL')
 3 SYSTEMPATH\Database\BaseConnection.php(620): CodeIgniter\Database\BaseConnection->simpleQuery('SELECT *
FROM `settings`
WHERE `context` IS NULL')
 4 SYSTEMPATH\Database\BaseBuilder.php(1585): CodeIgniter\Database\BaseConnection->query('SELECT *
FROM `settings`
WHERE `context` IS NULL', [], false)
 5 VENDORPATH\codeigniter4\settings\src\Handlers\DatabaseHandler.php(163): CodeIgniter\Database\BaseBuilder->get()
 6 VENDORPATH\codeigniter4\settings\src\Handlers\DatabaseHandler.php(41): CodeIgniter\Settings\Handlers\DatabaseHandler->hydrate(null)
 7 VENDORPATH\codeigniter4\settings\src\Settings.php(59): CodeIgniter\Settings\Handlers\DatabaseHandler->has('Config\\Auth', 'sessionConfig', null)
 8 VENDORPATH\codeigniter4\settings\src\Helpers\setting_helper.php(21): CodeIgniter\Settings\Settings->get('Auth.sessionConfig')
 9 VENDORPATH\codeigniter4\shield\src\Authentication\Authenticators\Session.php(643): setting('Auth.sessionConfig')
10 VENDORPATH\codeigniter4\shield\src\Authentication\Authenticators\Session.php(661): CodeIgniter\Shield\Authentication\Authenticators\Session->getSessionUserInfo()
11 VENDORPATH\codeigniter4\shield\src\Authentication\Authenticators\Session.php(367): CodeIgniter\Shield\Authentication\Authenticators\Session->getSessionKey('id')
12 VENDORPATH\codeigniter4\shield\src\Authentication\Authenticators\Session.php(351): CodeIgniter\Shield\Authentication\Authenticators\Session->checkUserState()
13 VENDORPATH\codeigniter4\shield\src\Auth.php(159): CodeIgniter\Shield\Authentication\Authenticators\Session->loggedIn()
14 VENDORPATH\codeigniter4\shield\src\Collectors\Auth.php(67): CodeIgniter\Shield\Auth->__call('loggedIn', [])
15 SYSTEMPATH\Debug\Toolbar\Collectors\BaseCollector.php(222): CodeIgniter\Shield\Collectors\Auth->display()
16 SYSTEMPATH\Debug\Toolbar.php(93): CodeIgniter\Debug\Toolbar\Collectors\BaseCollector->getAsArray()
17 SYSTEMPATH\Debug\Toolbar.php(374): CodeIgniter\Debug\Toolbar->run(1665985817.041664, 0.0708, Object(CodeIgniter\HTTP\IncomingRequest), Object(CodeIgniter\HTTP\Response))
18 SYSTEMPATH\Filters\DebugToolbar.php(40): CodeIgniter\Debug\Toolbar->prepare(Object(CodeIgniter\HTTP\IncomingRequest), Object(CodeIgniter\HTTP\Response))
19 SYSTEMPATH\Filters\Filters.php(196): CodeIgniter\Filters\DebugToolbar->after(Object(CodeIgniter\HTTP\IncomingRequest), Object(CodeIgniter\HTTP\Response), null)
20 SYSTEMPATH\CodeIgniter.php(477): CodeIgniter\Filters\Filters->run('F:\\', 'after')
21 SYSTEMPATH\CodeIgniter.php(340): CodeIgniter\CodeIgniter->handleRequest(null, Object(Config\Cache), false)
22 FCPATH\index.php(55): CodeIgniter\CodeIgniter->run()
23 SYSTEMPATH\Commands\Server\rewrite.php(46): require_once('FCPATH\\index.php')
ERROR - 2022-10-17 23:56:46 --> Error connecting to the database: mysqli_sql_exception: No se puede establecer una conexión ya que el equipo de destino denegó expresamente dicha conexión in F:\projects\sistematicketsBootstrap\vendor\codeigniter4\framework\system\Database\MySQLi\Connection.php:171
Stack trace:
#0 F:\projects\sistematicketsBootstrap\vendor\codeigniter4\framework\system\Database\MySQLi\Connection.php(171): mysqli->real_connect('localhost', 'root', '', 'sistematickets', 3306, '', 0)
#1 F:\projects\sistematicketsBootstrap\vendor\codeigniter4\framework\system\Database\BaseConnection.php(382): CodeIgniter\Database\MySQLi\Connection->connect(false)
#2 F:\projects\sistematicketsBootstrap\vendor\codeigniter4\framework\system\Database\BaseConnection.php(588): CodeIgniter\Database\BaseConnection->initialize()
#3 F:\projects\sistematicketsBootstrap\vendor\codeigniter4\framework\system\Database\BaseBuilder.php(1585): CodeIgniter\Database\BaseConnection->query('SELECT *\nFROM `...', Array, false)
#4 F:\projects\sistematicketsBootstrap\vendor\codeigniter4\settings\src\Handlers\DatabaseHandler.php(163): CodeIgniter\Database\BaseBuilder->get()
#5 F:\projects\sistematicketsBootstrap\vendor\codeigniter4\settings\src\Handlers\DatabaseHandler.php(41): CodeIgniter\Settings\Handlers\DatabaseHandler->hydrate(NULL)
#6 F:\projects\sistematicketsBootstrap\vendor\codeigniter4\settings\src\Settings.php(59): CodeIgniter\Settings\Handlers\DatabaseHandler->has('Config\\Auth', 'sessionConfig', NULL)
#7 F:\projects\sistematicketsBootstrap\vendor\codeigniter4\settings\src\Helpers\setting_helper.php(21): CodeIgniter\Settings\Settings->get('Auth.sessionCon...')
#8 F:\projects\sistematicketsBootstrap\vendor\codeigniter4\shield\src\Authentication\Authenticators\Session.php(643): setting('Auth.sessionCon...')
#9 F:\projects\sistematicketsBootstrap\vendor\codeigniter4\shield\src\Authentication\Authenticators\Session.php(661): CodeIgniter\Shield\Authentication\Authenticators\Session->getSessionUserInfo()
#10 F:\projects\sistematicketsBootstrap\vendor\codeigniter4\shield\src\Authentication\Authenticators\Session.php(367): CodeIgniter\Shield\Authentication\Authenticators\Session->getSessionKey('id')
#11 F:\projects\sistematicketsBootstrap\vendor\codeigniter4\shield\src\Authentication\Authenticators\Session.php(351): CodeIgniter\Shield\Authentication\Authenticators\Session->checkUserState()
#12 F:\projects\sistematicketsBootstrap\vendor\codeigniter4\shield\src\Auth.php(159): CodeIgniter\Shield\Authentication\Authenticators\Session->loggedIn()
#13 F:\projects\sistematicketsBootstrap\vendor\codeigniter4\shield\src\Collectors\Auth.php(67): CodeIgniter\Shield\Auth->__call('loggedIn', Array)
#14 F:\projects\sistematicketsBootstrap\vendor\codeigniter4\framework\system\Debug\Toolbar\Collectors\BaseCollector.php(222): CodeIgniter\Shield\Collectors\Auth->display()
#15 F:\projects\sistematicketsBootstrap\vendor\codeigniter4\framework\system\Debug\Toolbar.php(93): CodeIgniter\Debug\Toolbar\Collectors\BaseCollector->getAsArray()
#16 F:\projects\sistematicketsBootstrap\vendor\codeigniter4\framework\system\Debug\Toolbar.php(374): CodeIgniter\Debug\Toolbar->run(1666069002.6254, 0.0415, Object(CodeIgniter\HTTP\IncomingRequest), Object(CodeIgniter\HTTP\Response))
#17 F:\projects\sistematicketsBootstrap\vendor\codeigniter4\framework\system\Filters\DebugToolbar.php(40): CodeIgniter\Debug\Toolbar->prepare(Object(CodeIgniter\HTTP\IncomingRequest), Object(CodeIgniter\HTTP\Response))
#18 F:\projects\sistematicketsBootstrap\vendor\codeigniter4\framework\system\Filters\Filters.php(196): CodeIgniter\Filters\DebugToolbar->after(Object(CodeIgniter\HTTP\IncomingRequest), Object(CodeIgniter\HTTP\Response), NULL)
#19 F:\projects\sistematicketsBootstrap\vendor\codeigniter4\framework\system\CodeIgniter.php(477): CodeIgniter\Filters\Filters->run('/', 'after')
#20 F:\projects\sistematicketsBootstrap\vendor\codeigniter4\framework\system\CodeIgniter.php(340): CodeIgniter\CodeIgniter->handleRequest(NULL, Object(Config\Cache), false)
#21 F:\projects\sistematicketsBootstrap\public\index.php(55): CodeIgniter\CodeIgniter->run()
#22 F:\projects\sistematicketsBootstrap\vendor\codeigniter4\framework\system\Commands\Server\rewrite.php(46): require_once('F:\\projects\\sis...')
#23 {main}

Next CodeIgniter\Database\Exceptions\DatabaseException: No se puede establecer una conexión ya que el equipo de destino denegó expresamente dicha conexión in F:\projects\sistematicketsBootstrap\vendor\codeigniter4\framework\system\Database\MySQLi\Connection.php:215
Stack trace:
#0 F:\projects\sistematicketsBootstrap\vendor\codeigniter4\framework\system\Database\BaseConnection.php(382): CodeIgniter\Database\MySQLi\Connection->connect(false)
#1 F:\projects\sistematicketsBootstrap\vendor\codeigniter4\framework\system\Database\BaseConnection.php(588): CodeIgniter\Database\BaseConnection->initialize()
#2 F:\projects\sistematicketsBootstrap\vendor\codeigniter4\framework\system\Database\BaseBuilder.php(1585): CodeIgniter\Database\BaseConnection->query('SELECT *\nFROM `...', Array, false)
#3 F:\projects\sistematicketsBootstrap\vendor\codeigniter4\settings\src\Handlers\DatabaseHandler.php(163): CodeIgniter\Database\BaseBuilder->get()
#4 F:\projects\sistematicketsBootstrap\vendor\codeigniter4\settings\src\Handlers\DatabaseHandler.php(41): CodeIgniter\Settings\Handlers\DatabaseHandler->hydrate(NULL)
#5 F:\projects\sistematicketsBootstrap\vendor\codeigniter4\settings\src\Settings.php(59): CodeIgniter\Settings\Handlers\DatabaseHandler->has('Config\\Auth', 'sessionConfig', NULL)
#6 F:\projects\sistematicketsBootstrap\vendor\codeigniter4\settings\src\Helpers\setting_helper.php(21): CodeIgniter\Settings\Settings->get('Auth.sessionCon...')
#7 F:\projects\sistematicketsBootstrap\vendor\codeigniter4\shield\src\Authentication\Authenticators\Session.php(643): setting('Auth.sessionCon...')
#8 F:\projects\sistematicketsBootstrap\vendor\codeigniter4\shield\src\Authentication\Authenticators\Session.php(661): CodeIgniter\Shield\Authentication\Authenticators\Session->getSessionUserInfo()
#9 F:\projects\sistematicketsBootstrap\vendor\codeigniter4\shield\src\Authentication\Authenticators\Session.php(367): CodeIgniter\Shield\Authentication\Authenticators\Session->getSessionKey('id')
#10 F:\projects\sistematicketsBootstrap\vendor\codeigniter4\shield\src\Authentication\Authenticators\Session.php(351): CodeIgniter\Shield\Authentication\Authenticators\Session->checkUserState()
#11 F:\projects\sistematicketsBootstrap\vendor\codeigniter4\shield\src\Auth.php(159): CodeIgniter\Shield\Authentication\Authenticators\Session->loggedIn()
#12 F:\projects\sistematicketsBootstrap\vendor\codeigniter4\shield\src\Collectors\Auth.php(67): CodeIgniter\Shield\Auth->__call('loggedIn', Array)
#13 F:\projects\sistematicketsBootstrap\vendor\codeigniter4\framework\system\Debug\Toolbar\Collectors\BaseCollector.php(222): CodeIgniter\Shield\Collectors\Auth->display()
#14 F:\projects\sistematicketsBootstrap\vendor\codeigniter4\framework\system\Debug\Toolbar.php(93): CodeIgniter\Debug\Toolbar\Collectors\BaseCollector->getAsArray()
#15 F:\projects\sistematicketsBootstrap\vendor\codeigniter4\framework\system\Debug\Toolbar.php(374): CodeIgniter\Debug\Toolbar->run(1666069002.6254, 0.0415, Object(CodeIgniter\HTTP\IncomingRequest), Object(CodeIgniter\HTTP\Response))
#16 F:\projects\sistematicketsBootstrap\vendor\codeigniter4\framework\system\Filters\DebugToolbar.php(40): CodeIgniter\Debug\Toolbar->prepare(Object(CodeIgniter\HTTP\IncomingRequest), Object(CodeIgniter\HTTP\Response))
#17 F:\projects\sistematicketsBootstrap\vendor\codeigniter4\framework\system\Filters\Filters.php(196): CodeIgniter\Filters\DebugToolbar->after(Object(CodeIgniter\HTTP\IncomingRequest), Object(CodeIgniter\HTTP\Response), NULL)
#18 F:\projects\sistematicketsBootstrap\vendor\codeigniter4\framework\system\CodeIgniter.php(477): CodeIgniter\Filters\Filters->run('/', 'after')
#19 F:\projects\sistematicketsBootstrap\vendor\codeigniter4\framework\system\CodeIgniter.php(340): CodeIgniter\CodeIgniter->handleRequest(NULL, Object(Config\Cache), false)
#20 F:\projects\sistematicketsBootstrap\public\index.php(55): CodeIgniter\CodeIgniter->run()
#21 F:\projects\sistematicketsBootstrap\vendor\codeigniter4\framework\system\Commands\Server\rewrite.php(46): require_once('F:\\projects\\sis...')
#22 {main}
CRITICAL - 2022-10-17 23:56:46 --> Unable to connect to the database.
Main connection [MySQLi]: No se puede establecer una conexión ya que el equipo de destino denegó expresamente dicha conexión
in SYSTEMPATH\Database\BaseConnection.php on line 418.
 1 SYSTEMPATH\Database\BaseConnection.php(588): CodeIgniter\Database\BaseConnection->initialize()
 2 SYSTEMPATH\Database\BaseBuilder.php(1585): CodeIgniter\Database\BaseConnection->query('SELECT *
FROM `settings`
WHERE `context` IS NULL', [], false)
 3 VENDORPATH\codeigniter4\settings\src\Handlers\DatabaseHandler.php(163): CodeIgniter\Database\BaseBuilder->get()
 4 VENDORPATH\codeigniter4\settings\src\Handlers\DatabaseHandler.php(41): CodeIgniter\Settings\Handlers\DatabaseHandler->hydrate(null)
 5 VENDORPATH\codeigniter4\settings\src\Settings.php(59): CodeIgniter\Settings\Handlers\DatabaseHandler->has('Config\\Auth', 'sessionConfig', null)
 6 VENDORPATH\codeigniter4\settings\src\Helpers\setting_helper.php(21): CodeIgniter\Settings\Settings->get('Auth.sessionConfig')
 7 VENDORPATH\codeigniter4\shield\src\Authentication\Authenticators\Session.php(643): setting('Auth.sessionConfig')
 8 VENDORPATH\codeigniter4\shield\src\Authentication\Authenticators\Session.php(661): CodeIgniter\Shield\Authentication\Authenticators\Session->getSessionUserInfo()
 9 VENDORPATH\codeigniter4\shield\src\Authentication\Authenticators\Session.php(367): CodeIgniter\Shield\Authentication\Authenticators\Session->getSessionKey('id')
10 VENDORPATH\codeigniter4\shield\src\Authentication\Authenticators\Session.php(351): CodeIgniter\Shield\Authentication\Authenticators\Session->checkUserState()
11 VENDORPATH\codeigniter4\shield\src\Auth.php(159): CodeIgniter\Shield\Authentication\Authenticators\Session->loggedIn()
12 VENDORPATH\codeigniter4\shield\src\Collectors\Auth.php(67): CodeIgniter\Shield\Auth->__call('loggedIn', [])
13 SYSTEMPATH\Debug\Toolbar\Collectors\BaseCollector.php(222): CodeIgniter\Shield\Collectors\Auth->display()
14 SYSTEMPATH\Debug\Toolbar.php(93): CodeIgniter\Debug\Toolbar\Collectors\BaseCollector->getAsArray()
15 SYSTEMPATH\Debug\Toolbar.php(374): CodeIgniter\Debug\Toolbar->run(1666069002.625428, 0.0415, Object(CodeIgniter\HTTP\IncomingRequest), Object(CodeIgniter\HTTP\Response))
16 SYSTEMPATH\Filters\DebugToolbar.php(40): CodeIgniter\Debug\Toolbar->prepare(Object(CodeIgniter\HTTP\IncomingRequest), Object(CodeIgniter\HTTP\Response))
17 SYSTEMPATH\Filters\Filters.php(196): CodeIgniter\Filters\DebugToolbar->after(Object(CodeIgniter\HTTP\IncomingRequest), Object(CodeIgniter\HTTP\Response), null)
18 SYSTEMPATH\CodeIgniter.php(477): CodeIgniter\Filters\Filters->run('F:\\', 'after')
19 SYSTEMPATH\CodeIgniter.php(340): CodeIgniter\CodeIgniter->handleRequest(null, Object(Config\Cache), false)
20 FCPATH\index.php(55): CodeIgniter\CodeIgniter->run()
21 SYSTEMPATH\Commands\Server\rewrite.php(46): require_once('FCPATH\\index.php')
